c:\users\user\desktop\פרוייקט במונחה\dlg\dlg\debug\projmfc.pch
c:\users\user\desktop\פרוייקט במונחה\dlg\dlg\debug\vc141.pdb
c:\users\user\desktop\פרוייקט במונחה\dlg\dlg\debug\vc141.idb
c:\users\user\desktop\פרוייקט במונחה\dlg\dlg\debug\stdafx.obj
c:\users\user\desktop\פרוייקט במונחה\dlg\dlg\debug\dlg.obj
c:\users\user\desktop\פרוייקט במונחה\dlg\dlg\debug\dlgdlg.obj
c:\users\user\desktop\פרוייקט במונחה\dlg\dlg\debug\figure.obj
c:\users\user\desktop\פרוייקט במונחה\dlg\debug\projmfc.exe
c:\users\user\desktop\פרוייקט במונחה\dlg\debug\projmfc.ilk
c:\users\user\desktop\פרוייקט במונחה\dlg\debug\projmfc.pdb
c:\users\user\desktop\פרוייקט במונחה\dlg\dlg\debug\dlg.res
c:\users\user\desktop\פרוייקט במונחה\dlg\dlg\debug\projmfc.tlog\cl.command.1.tlog
c:\users\user\desktop\פרוייקט במונחה\dlg\dlg\debug\projmfc.tlog\cl.read.1.tlog
c:\users\user\desktop\פרוייקט במונחה\dlg\dlg\debug\projmfc.tlog\cl.write.1.tlog
c:\users\user\desktop\פרוייקט במונחה\dlg\dlg\debug\projmfc.tlog\link.command.1.tlog
c:\users\user\desktop\פרוייקט במונחה\dlg\dlg\debug\projmfc.tlog\link.read.1.tlog
c:\users\user\desktop\פרוייקט במונחה\dlg\dlg\debug\projmfc.tlog\link.write.1.tlog
c:\users\user\desktop\פרוייקט במונחה\dlg\dlg\debug\projmfc.tlog\rc.command.1.tlog
c:\users\user\desktop\פרוייקט במונחה\dlg\dlg\debug\projmfc.tlog\rc.read.1.tlog
c:\users\user\desktop\פרוייקט במונחה\dlg\dlg\debug\projmfc.tlog\rc.write.1.tlog
